Build started 11/8/2013 9:52:02 AM.
     1>Project "C:\Lect\Lects\Building Apps with common code for Windows 8 and WP8\Samples\Win8Wp8Portability\ExistInOne.Win8\ExistInOne.Win8.vcxproj" on node 3 (Build target(s)).
     1>ClCompile:
         C:\Program Files (x86)\Microsoft Visual Studio 12.0\VC\bin\CL.exe /c /I"C:\Lect\Lects\Building Apps with common code for Windows 8 and WP8\Samples\Win8Wp8Portability\ExistInOne.Win8\\" /I"Generated Files\\" /IDebug\ /ZI /ZW /ZW:nostdlib /nologo /W3 /WX- /sdl /MP /Od /Oy- /D _UNICODE /D UNICODE /D _DEBUG /D WINAPI_FAMILY=WINAPI_FAMILY_APP /Gm- /EHsc /RTC1 /MDd /GS /fp:precise /Zc:wchar_t /Zc:forScope /Yc"pch.h" /Fp"Debug\ExistInOne.Win8.pch" /Fo"Debug\\" /Fd"Debug\vc120.pdb" /Gd /TP /wd4453 /wd28204 /FU"C:\Program Files (x86)\Microsoft SDKs\Windows\v8.1\ExtensionSDKs\Microsoft.VCLibs\12.0\References\CommonConfiguration\neutral\platform.winmd" /FU"C:\Program Files (x86)\Windows Kits\8.1\References\CommonConfiguration\Neutral\Windows.winmd" /FU"C:\Program Files (x86)\Windows Kits\8.1\References\CommonConfiguration\Neutral\Windows.winmd" /analyze- /errorReport:prompt /bigobj pch.cpp
         pch.cpp
         C:\Program Files (x86)\Microsoft Visual Studio 12.0\VC\bin\CL.exe /c /I"C:\Lect\Lects\Building Apps with common code for Windows 8 and WP8\Samples\Win8Wp8Portability\ExistInOne.Win8\\" /I"Generated Files\\" /IDebug\ /ZI /ZW /ZW:nostdlib /nologo /W3 /WX- /sdl /MP /Od /Oy- /D _UNICODE /D UNICODE /D _DEBUG /D WINAPI_FAMILY=WINAPI_FAMILY_APP /Gm- /EHsc /RTC1 /MDd /GS /fp:precise /Zc:wchar_t /Zc:forScope /Yu"pch.h" /Fp"Debug\ExistInOne.Win8.pch" /Fo"Debug\\" /Fd"Debug\vc120.pdb" /Gd /TP /wd4453 /wd28204 /FU"C:\Program Files (x86)\Microsoft SDKs\Windows\v8.1\ExtensionSDKs\Microsoft.VCLibs\12.0\References\CommonConfiguration\neutral\platform.winmd" /FU"C:\Program Files (x86)\Windows Kits\8.1\References\CommonConfiguration\Neutral\Windows.winmd" /FU"C:\Program Files (x86)\Windows Kits\8.1\References\CommonConfiguration\Neutral\Windows.winmd" /analyze- /errorReport:prompt /bigobj App.xaml.cpp MainPage.xaml.cpp "Generated Files\XamlTypeInfo.Impl.g.cpp"
         App.xaml.cpp
         MainPage.xaml.cpp
         XamlTypeInfo.Impl.g.cpp
       CreateWinMD:
         C:\Program Files (x86)\Microsoft Visual Studio 12.0\VC\bin\link.exe /ERRORREPORT:PROMPT /OUT:"C:\Lect\Lects\Building Apps with common code for Windows 8 and WP8\Samples\Win8Wp8Portability\Debug\ExistInOne.Win8\ExistInOne.Win8.exe" /INCREMENTAL /NOLOGO kernel32.lib /MANIFEST:NO /DEBUG /PDB:"C:\Lect\Lects\Building Apps with common code for Windows 8 and WP8\Samples\Win8Wp8Portability\Debug\ExistInOne.Win8\ExistInOne.Win8.pdb" /SUBSYSTEM:WINDOWS /TLBID:1 /APPCONTAINER /WINMD:ONLY /WINMDFILE:"C:\Lect\Lects\Building Apps with common code for Windows 8 and WP8\Samples\Win8Wp8Portability\Debug\ExistInOne.Win8\ExistInOne_Win8.winmd" /DYNAMICBASE /NXCOMPAT /MACHINE:X86 Debug\App.xaml.obj
         Debug\MainPage.xaml.obj
         Debug\pch.obj
         Debug\XamlTypeInfo.Impl.g.obj
       CompileXamlGeneratedFiles:
         C:\Program Files (x86)\Microsoft Visual Studio 12.0\VC\bin\CL.exe /c /I"C:\Lect\Lects\Building Apps with common code for Windows 8 and WP8\Samples\Win8Wp8Portability\ExistInOne.Win8\\" /I"Generated Files\\" /IDebug\ /ZI /ZW /ZW:nostdlib /nologo /W3 /WX- /sdl /MP /Od /Oy- /D _UNICODE /D UNICODE /D _DEBUG /D WINAPI_FAMILY=WINAPI_FAMILY_APP /Gm- /EHsc /RTC1 /MDd /GS /fp:precise /Zc:wchar_t /Zc:forScope /Yu"pch.h" /Fp"Debug\ExistInOne.Win8.pch" /Fo"Debug\\" /Fd"Debug\vc120.pdb" /Gd /TP /wd4453 /wd28204 /FU"C:\Program Files (x86)\Microsoft SDKs\Windows\v8.1\ExtensionSDKs\Microsoft.VCLibs\12.0\References\CommonConfiguration\neutral\platform.winmd" /FU"C:\Program Files (x86)\Windows Kits\8.1\References\CommonConfiguration\Neutral\Windows.winmd" /FU"C:\Program Files (x86)\Windows Kits\8.1\References\CommonConfiguration\Neutral\Windows.winmd" /analyze- /errorReport:prompt /bigobj "Generated Files\XamlTypeInfo.g.cpp"
         XamlTypeInfo.g.cpp
       Link:
         C:\Program Files (x86)\Microsoft Visual Studio 12.0\VC\bin\link.exe /ERRORREPORT:PROMPT /OUT:"C:\Lect\Lects\Building Apps with common code for Windows 8 and WP8\Samples\Win8Wp8Portability\Debug\ExistInOne.Win8\ExistInOne.Win8.exe" /INCREMENTAL /NOLOGO kernel32.lib /MANIFEST:NO /DEBUG /PDB:"C:\Lect\Lects\Building Apps with common code for Windows 8 and WP8\Samples\Win8Wp8Portability\Debug\ExistInOne.Win8\ExistInOne.Win8.pdb" /SUBSYSTEM:WINDOWS /TLBID:1 /APPCONTAINER /WINMD:NO /WINMDFILE:"C:\Lect\Lects\Building Apps with common code for Windows 8 and WP8\Samples\Win8Wp8Portability\Debug\ExistInOne.Win8\ExistInOne_Win8.winmd" /DYNAMICBASE /NXCOMPAT /MACHINE:X86 Debug\App.xaml.obj
         Debug\MainPage.xaml.obj
         Debug\pch.obj
         Debug\XamlTypeInfo.Impl.g.obj
         Debug\XamlTypeInfo.g.obj
            Creating library C:\Lect\Lects\Building Apps with common code for Windows 8 and WP8\Samples\Win8Wp8Portability\Debug\ExistInOne.Win8\ExistInOne.Win8.lib and object C:\Lect\Lects\Building Apps with common code for Windows 8 and WP8\Samples\Win8Wp8Portability\Debug\ExistInOne.Win8\ExistInOne.Win8.exp
         ExistInOne.Win8.vcxproj -> C:\Lect\Lects\Building Apps with common code for Windows 8 and WP8\Samples\Win8Wp8Portability\Debug\ExistInOne.Win8\ExistInOne.Win8.exe
       _GenerateProjectPriFileCore:
         C:\Program Files (x86)\Windows Kits\8.1\bin\x64\MakePri.exe New -ProjectRoot "C:\Lect\Lects\Building Apps with common code for Windows 8 and WP8\Samples\Win8Wp8Portability\ExistInOne.Win8\\" -ConfigXml Debug\priconfig.xml -OutputFile "C:\Lect\Lects\Building Apps with common code for Windows 8 and WP8\Samples\Win8Wp8Portability\Debug\ExistInOne.Win8\resources.pri" -IndexName 021f5a8a-af14-4f38-aaa8-a9019e279617 -Verbose -Overwrite  
     1>Done Building Project "C:\Lect\Lects\Building Apps with common code for Windows 8 and WP8\Samples\Win8Wp8Portability\ExistInOne.Win8\ExistInOne.Win8.vcxproj" (Build target(s)).

Build succeeded.

Time Elapsed 00:00:14.31
